<?xml version="1.0" encoding="UTF-8"?>
<testng-results skipped="0" failed="1" total="4" passed="3">
  <reporter-output>
  </reporter-output>
  <suite name="Suite" duration-ms="56352" started-at="2021-01-08T20:24:07Z" finished-at="2021-01-08T20:25:04Z">
    <groups>
    </groups>
    <test name="Test1" duration-ms="18373" started-at="2021-01-08T20:24:07Z" finished-at="2021-01-08T20:24:26Z">
      <class name="VIK.Framework.ValidateTitle">
        <test-method status="PASS" signature="initialize()[pri:0, instance:VIK.Framework.ValidateTitle@7ff95560]" name="initialize" is-config="true" duration-ms="15739" started-at="2021-01-08T12:24:07Z" finished-at="2021-01-08T12:24:23Z">
          <reporter-output>
          </reporter-output>
        </test-method> <!-- initialize -->
        <test-method status="FAIL" signature="failedTC()[pri:0, instance:VIK.Framework.ValidateTitle@7ff95560]" name="failedTC" duration-ms="2079" started-at="2021-01-08T12:24:23Z" finished-at="2021-01-08T12:24:25Z">
          <exception class="java.lang.AssertionError">
            <message>
              <![CDATA[expected [my account] but found [MY ACCOUNT]]]>
            </message>
            <full-stacktrace>
              <![CDATA[java.lang.AssertionError: expected [my account] but found [MY ACCOUNT]
	at org.testng.Assert.fail(Assert.java:94)
	at org.testng.Assert.failNotEquals(Assert.java:513)
	at org.testng.Assert.assertEqualsImpl(Assert.java:135)
	at org.testng.Assert.assertEquals(Assert.java:116)
	at org.testng.Assert.assertEquals(Assert.java:190)
	at org.testng.Assert.assertEquals(Assert.java:200)
	at VIK.Framework.ValidateTitle.failedTC(ValidateTitle.java:39)
	at sun.reflect.NativeMethodAccessorImpl.invoke0(Native Method)
	at sun.reflect.NativeMethodAccessorImpl.invoke(Unknown Source)
	at sun.reflect.DelegatingMethodAccessorImpl.invoke(Unknown Source)
	at java.lang.reflect.Method.invoke(Unknown Source)
	at org.testng.internal.MethodInvocationHelper.invokeMethod(MethodInvocationHelper.java:100)
	at org.testng.internal.Invoker.invokeMethod(Invoker.java:646)
	at org.testng.internal.Invoker.invokeTestMethod(Invoker.java:811)
	at org.testng.internal.Invoker.invokeTestMethods(Invoker.java:1129)
	at org.testng.internal.TestMethodWorker.invokeTestMethods(TestMethodWorker.java:129)
	at org.testng.internal.TestMethodWorker.run(TestMethodWorker.java:112)
	at org.testng.TestRunner.privateRun(TestRunner.java:746)
	at org.testng.TestRunner.run(TestRunner.java:600)
	at org.testng.SuiteRunner.runTest(SuiteRunner.java:366)
	at org.testng.SuiteRunner.runSequentially(SuiteRunner.java:361)
	at org.testng.SuiteRunner.privateRun(SuiteRunner.java:319)
	at org.testng.SuiteRunner.run(SuiteRunner.java:268)
	at org.testng.SuiteRunnerWorker.runSuite(SuiteRunnerWorker.java:52)
	at org.testng.SuiteRunnerWorker.run(SuiteRunnerWorker.java:86)
	at org.testng.TestNG.runSuitesSequentially(TestNG.java:1264)
	at org.testng.TestNG.runSuitesLocally(TestNG.java:1189)
	at org.testng.TestNG.runSuites(TestNG.java:1104)
	at org.testng.TestNG.run(TestNG.java:1076)
	at org.testng.remote.AbstractRemoteTestNG.run(AbstractRemoteTestNG.java:126)
	at org.testng.remote.RemoteTestNG.initAndRun(RemoteTestNG.java:152)
	at org.testng.remote.RemoteTestNG.main(RemoteTestNG.java:57)
]]>
            </full-stacktrace>
          </exception> <!-- java.lang.AssertionError -->
          <reporter-output>
          </reporter-output>
        </test-method> <!-- failedTC -->
        <test-method status="PASS" signature="teardown()[pri:0, instance:VIK.Framework.ValidateTitle@7ff95560]" name="teardown" is-config="true" duration-ms="93" started-at="2021-01-08T12:24:26Z" finished-at="2021-01-08T12:24:26Z">
          <reporter-output>
          </reporter-output>
        </test-method> <!-- teardown -->
      </class> <!-- VIK.Framework.ValidateTitle -->
    </test> <!-- Test1 -->
    <test name="Test2" duration-ms="22929" started-at="2021-01-08T20:24:26Z" finished-at="2021-01-08T20:24:49Z">
      <class name="VIK.Framework.LoginPage">
        <test-method status="PASS" signature="initialize()[pri:0, instance:VIK.Framework.LoginPage@1e730495]" name="initialize" is-config="true" duration-ms="11395" started-at="2021-01-08T12:24:26Z" finished-at="2021-01-08T12:24:38Z">
          <reporter-output>
          </reporter-output>
        </test-method> <!-- initialize -->
        <test-method status="PASS" signature="signIn(java.lang.String, java.lang.String, java.lang.String)[pri:0, instance:VIK.Framework.LoginPage@1e730495]" name="signIn" duration-ms="5741" started-at="2021-01-08T12:24:38Z" data-provider="getData" finished-at="2021-01-08T12:24:44Z">
          <params>
            <param index="0">
              <value>
                <![CDATA[abc]]>
              </value>
            </param>
            <param index="1">
              <value>
                <![CDATA[123]]>
              </value>
            </param>
            <param index="2">
              <value>
                <![CDATA[Restricted User]]>
              </value>
            </param>
          </params>
          <reporter-output>
          </reporter-output>
        </test-method> <!-- signIn -->
        <test-method status="PASS" signature="signIn(java.lang.String, java.lang.String, java.lang.String)[pri:0, instance:VIK.Framework.LoginPage@1e730495]" name="signIn" duration-ms="5686" started-at="2021-01-08T12:24:44Z" data-provider="getData" finished-at="2021-01-08T12:24:49Z">
          <params>
            <param index="0">
              <value>
                <![CDATA[manojvip259@gmail.com]]>
              </value>
            </param>
            <param index="1">
              <value>
                <![CDATA[practicevik]]>
              </value>
            </param>
            <param index="2">
              <value>
                <![CDATA[Non-Restricted User]]>
              </value>
            </param>
          </params>
          <reporter-output>
          </reporter-output>
        </test-method> <!-- signIn -->
        <test-method status="PASS" signature="teardown()[pri:0, instance:VIK.Framework.LoginPage@1e730495]" name="teardown" is-config="true" duration-ms="93" started-at="2021-01-08T12:24:49Z" finished-at="2021-01-08T12:24:49Z">
          <reporter-output>
          </reporter-output>
        </test-method> <!-- teardown -->
      </class> <!-- VIK.Framework.LoginPage -->
    </test> <!-- Test2 -->
    <test name="Test3" duration-ms="14286" started-at="2021-01-08T20:24:49Z" finished-at="2021-01-08T20:25:04Z">
      <class name="VIK.Framework.ValidateHeartIcon">
        <test-method status="PASS" signature="initialize()[pri:0, instance:VIK.Framework.ValidateHeartIcon@7f1302d6]" name="initialize" is-config="true" duration-ms="12133" started-at="2021-01-08T12:24:49Z" finished-at="2021-01-08T12:25:02Z">
          <reporter-output>
          </reporter-output>
        </test-method> <!-- initialize -->
        <test-method status="PASS" signature="heartIcon()[pri:0, instance:VIK.Framework.ValidateHeartIcon@7f1302d6]" name="heartIcon" duration-ms="2083" started-at="2021-01-08T12:25:02Z" finished-at="2021-01-08T12:25:04Z">
          <reporter-output>
          </reporter-output>
        </test-method> <!-- heartIcon -->
        <test-method status="PASS" signature="teardown()[pri:0, instance:VIK.Framework.ValidateHeartIcon@7f1302d6]" name="teardown" is-config="true" duration-ms="62" started-at="2021-01-08T12:25:04Z" finished-at="2021-01-08T12:25:04Z">
          <reporter-output>
          </reporter-output>
        </test-method> <!-- teardown -->
      </class> <!-- VIK.Framework.ValidateHeartIcon -->
    </test> <!-- Test3 -->
  </suite> <!-- Suite -->
</testng-results>
